  main.cpp
C:\Projects\fractal-cpp\fractal-cpp\dependencies\linmath\linmath.h(583,18): warning C4244: 'argument': conversion from 'double' to 'float', possible loss of data
C:\Projects\fractal-cpp\fractal-cpp\dependencies\linmath\linmath.h(590,18): warning C4244: 'argument': conversion from 'double' to 'float', possible loss of data
C:\Projects\fractal-cpp\fractal-cpp\fractal-cpp\src\main.cpp(42,41): warning C4305: 'initializing': truncation from 'double' to 'float'
C:\Projects\fractal-cpp\fractal-cpp\fractal-cpp\src\main.cpp(154,16): warning C4477: 'printf' : format string '%d' requires an argument of type 'int', but variadic argument 1 has type 'double'
C:\Projects\fractal-cpp\fractal-cpp\fractal-cpp\src\main.cpp(283,63): warning C4244: '+=': conversion from 'double' to 'float', possible loss of data
LINK : warning LNK4098: defaultlib 'LIBCMT' conflicts with use of other libs; use /NODEFAULTLIB:library
main.obj : error LNK2019: unresolved external symbol __imp___invalid_parameter referenced in function "void * __cdecl std::_Allocate_manually_vector_aligned<struct std::_Default_allocate_traits>(unsigned int)" (??$_Allocate_manually_vector_aligned@U_Default_allocate_traits@std@@@std@@YAPAXI@Z)
main.obj : error LNK2019: unresolved external symbol __imp___CrtDbgReport referenced in function "void * __cdecl std::_Allocate_manually_vector_aligned<struct std::_Default_allocate_traits>(unsigned int)" (??$_Allocate_manually_vector_aligned@U_Default_allocate_traits@std@@@std@@YAPAXI@Z)
main.obj : error LNK2019: unresolved external symbol _glfwInit referenced in function _main
main.obj : error LNK2019: unresolved external symbol _glfwTerminate referenced in function _main
main.obj : error LNK2019: unresolved external symbol _glfwSetErrorCallback referenced in function _main
main.obj : error LNK2019: unresolved external symbol _glfwGetPrimaryMonitor referenced in function _main
main.obj : error LNK2019: unresolved external symbol _glfwGetVideoMode referenced in function _main
main.obj : error LNK2019: unresolved external symbol _glfwCreateWindow referenced in function _main
main.obj : error LNK2019: unresolved external symbol _glfwWindowShouldClose referenced in function _main
main.obj : error LNK2019: unresolved external symbol _glfwSetWindowShouldClose referenced in function "void __cdecl KeyCallback(struct GLFWwindow *,int,int,int,int)" (?KeyCallback@@YAXPAUGLFWwindow@@HHHH@Z)
main.obj : error LNK2019: unresolved external symbol _glfwPollEvents referenced in function _main
main.obj : error LNK2019: unresolved external symbol _glfwSetKeyCallback referenced in function _main
main.obj : error LNK2019: unresolved external symbol _glfwGetTime referenced in function "void __cdecl Update(void)" (?Update@@YAXXZ)
main.obj : error LNK2019: unresolved external symbol _glfwMakeContextCurrent referenced in function _main
main.obj : error LNK2019: unresolved external symbol _glfwSwapBuffers referenced in function _main
main.obj : error LNK2019: unresolved external symbol _glfwSwapInterval referenced in function _main
msvcprtd.lib(locale0_implib.obj) : error LNK2019: unresolved external symbol __imp___free_dbg referenced in function "public: static void __cdecl std::_Fac_node::operator delete(void *)" (??3_Fac_node@std@@SAXPAX@Z)
msvcprtd.lib(locale0_implib.obj) : error LNK2019: unresolved external symbol __imp___malloc_dbg referenced in function "public: static void * __cdecl std::_Fac_node::operator new(unsigned int)" (??2_Fac_node@std@@SAPAXI@Z)
C:\Projects\fractal-cpp\fractal-cpp\dependencies\GLFW\lib-vc2019\glfw3.lib : warning LNK4272: library machine type 'x64' conflicts with target machine type 'x86'
C:\Projects\fractal-cpp\fractal-cpp\Debug\fractal-cpp.exe : fatal error LNK1120: 18 unresolved externals
